<?xml version="1.0" encoding="UTF-8"?>
<testng-results skipped="0" failed="0" total="1" passed="1">
  <reporter-output>
  </reporter-output>
  <suite name="Default suite" duration-ms="992" started-at="2016-07-10T09:35:22Z" finished-at="2016-07-10T09:35:23Z">
    <groups>
    </groups>
    <test name="Default test" duration-ms="992" started-at="2016-07-10T09:35:22Z" finished-at="2016-07-10T09:35:23Z">
      <class name="com.jikexueyuan.caiwen.dao.impl.UserDaoImplTest">
        <test-method status="PASS" signature="testAdd()[pri:0, instance:com.jikexueyuan.caiwen.dao.impl.UserDaoImplTest@6093dd95]" name="testAdd" duration-ms="977" started-at="2016-07-10T17:35:22Z" finished-at="2016-07-10T17:35:23Z">
          <reporter-output>
          </reporter-output>
        </test-method> <!-- testAdd -->
      </class> <!-- com.jikexueyuan.caiwen.dao.impl.UserDaoImplTest -->
    </test> <!-- Default test -->
  </suite> <!-- Default suite -->
</testng-results>
